app/build/intermediates/manifest_merge_blame_file/noDecoderExtensionsDebug/manifest-merger-blame-noDecoderExtensions-debug-report.txt
1<?xml version="1.0" encoding="utf-8"?>
2<manifest xmlns:android="http://schemas.android.com/apk/res/android"
3    package="com.doviesfitness.debug"
4    android:versionCode="38"
5    android:versionName="1.27" >
6
7    <uses-sdk
8        android:minSdkVersion="21"
8-->src/main/AndroidManifest.xml
9        android:targetSdkVersion="30" />
9-->src/main/AndroidManifest.xml
10
11    <uses-permission android:name="android.permission.ACCESS_NETWORK_STATE" />
11-->src/main/AndroidManifest.xml:6:5-79
11-->src/main/AndroidManifest.xml:6:22-76
12    <uses-permission android:name="android.permission.INTERNET" />
12-->src/main/AndroidManifest.xml:7:5-67
12-->src/main/AndroidManifest.xml:7:22-64
13    <uses-permission android:name="android.permission.CAMERA" />
13-->src/main/AndroidManifest.xml:8:5-65
13-->src/main/AndroidManifest.xml:8:22-62
14    <uses-permission android:name="android.permission.POST_NOTIFICATIONS" />
14-->src/main/AndroidManifest.xml:9:5-77
14-->src/main/AndroidManifest.xml:9:22-74
15    <uses-permission android:name="android.permission.READ_EXTERNAL_STORAGE" />
15-->src/main/AndroidManifest.xml:10:5-80
15-->src/main/AndroidManifest.xml:10:22-77
16    <uses-permission android:name="android.permission.WRITE_EXTERNAL_STORAGE" />
16-->src/main/AndroidManifest.xml:11:5-81
16-->src/main/AndroidManifest.xml:11:22-78
17    <uses-permission android:name="android.permission.WRITE_SETTINGS" />
17-->src/main/AndroidManifest.xml:12:5-14:47
17-->src/main/AndroidManifest.xml:13:9-57
18    <uses-permission android:name="android.permission.VIBRATE" />
18-->src/main/AndroidManifest.xml:15:5-66
18-->src/main/AndroidManifest.xml:15:22-63
19    <uses-permission android:name="android.permission.DOWNLOAD_WITHOUT_NOTIFICATION" />
19-->src/main/AndroidManifest.xml:16:5-88
19-->src/main/AndroidManifest.xml:16:22-85
20    <uses-permission android:name="android.permission.RECORD_AUDIO" />
20-->src/main/AndroidManifest.xml:17:5-71
20-->src/main/AndroidManifest.xml:17:22-68
21
22    <uses-feature
22-->src/main/AndroidManifest.xml:19:5-21:36
23        android:name="android.hardware.camera"
23-->src/main/AndroidManifest.xml:20:9-47
24        android:required="false" />
24-->src/main/AndroidManifest.xml:21:9-33
25
26    <uses-permission android:name="com.android.vending.BILLING" />
26-->src/main/AndroidManifest.xml:23:5-67
26-->src/main/AndroidManifest.xml:23:22-64
27    <uses-permission android:name="android.permission.WAKE_LOCK" />
27-->src/main/AndroidManifest.xml:24:5-68
27-->src/main/AndroidManifest.xml:24:22-65
28    <uses-permission android:name="android.permission.RECEIVE_BOOT_COMPLETED" /> <!-- Samsung -->
28-->src/main/AndroidManifest.xml:25:5-81
28-->src/main/AndroidManifest.xml:25:22-78
29    <uses-permission android:name="com.sec.android.provider.badge.permission.READ" />
29-->src/main/AndroidManifest.xml:26:5-86
29-->src/main/AndroidManifest.xml:26:22-83
30    <uses-permission android:name="com.sec.android.provider.badge.permission.WRITE" /> <!-- HTC -->
30-->src/main/AndroidManifest.xml:27:5-87
30-->src/main/AndroidManifest.xml:27:22-84
31    <uses-permission android:name="com.htc.launcher.permission.READ_SETTINGS" />
31-->src/main/AndroidManifest.xml:28:5-81
31-->src/main/AndroidManifest.xml:28:22-78
32    <uses-permission android:name="com.htc.launcher.permission.UPDATE_SHORTCUT" /> <!-- Sony -->
32-->src/main/AndroidManifest.xml:29:5-83
32-->src/main/AndroidManifest.xml:29:22-80
33    <uses-permission android:name="com.sonyericsson.home.permission.BROADCAST_BADGE" />
33-->src/main/AndroidManifest.xml:30:5-88
33-->src/main/AndroidManifest.xml:30:22-85
34    <uses-permission android:name="com.sonymobile.home.permission.PROVIDER_INSERT_BADGE" /> <!-- Apex -->
34-->src/main/AndroidManifest.xml:31:5-92
34-->src/main/AndroidManifest.xml:31:22-89
35    <uses-permission android:name="com.anddoes.launcher.permission.UPDATE_COUNT" /> <!-- Solid -->
35-->src/main/AndroidManifest.xml:32:5-84
35-->src/main/AndroidManifest.xml:32:22-81
36    <uses-permission android:name="com.majeur.launcher.permission.UPDATE_BADGE" /> <!-- Huawei -->
36-->src/main/AndroidManifest.xml:33:5-83
36-->src/main/AndroidManifest.xml:33:22-80
37    <uses-permission android:name="com.huawei.android.launcher.permission.CHANGE_BADGE" />
37-->src/main/AndroidManifest.xml:34:5-91
37-->src/main/AndroidManifest.xml:34:22-88
38    <uses-permission android:name="com.huawei.android.launcher.permission.READ_SETTINGS" />
38-->src/main/AndroidManifest.xml:35:5-92
38-->src/main/AndroidManifest.xml:35:22-89
39    <uses-permission android:name="com.huawei.android.launcher.permission.WRITE_SETTINGS" /> <!-- ZUK -->
39-->src/main/AndroidManifest.xml:36:5-93
39-->src/main/AndroidManifest.xml:36:22-90
40    <uses-permission android:name="android.permission.READ_APP_BADGE" /> <!-- OPPO -->
40-->src/main/AndroidManifest.xml:37:5-73
40-->src/main/AndroidManifest.xml:37:22-70
41    <uses-permission android:name="com.oppo.launcher.permission.READ_SETTINGS" />
41-->src/main/AndroidManifest.xml:38:5-82
41-->src/main/AndroidManifest.xml:38:22-79
42    <uses-permission android:name="com.oppo.launcher.permission.WRITE_SETTINGS" /> <!-- EvMe -->
42-->src/main/AndroidManifest.xml:39:5-83
42-->src/main/AndroidManifest.xml:39:22-80
43    <uses-permission android:name="me.everything.badger.permission.BADGE_COUNT_READ" />
43-->src/main/AndroidManifest.xml:40:5-88
43-->src/main/AndroidManifest.xml:40:22-85
44    <uses-permission android:name="me.everything.badger.permission.BADGE_COUNT_WRITE" />
44-->src/main/AndroidManifest.xml:41:5-89
44-->src/main/AndroidManifest.xml:41:22-86
45    <uses-permission android:name="android.permission.FOREGROUND_SERVICE" />
45-->src/main/AndroidManifest.xml:42:5-77
45-->src/main/AndroidManifest.xml:42:22-74
46    <uses-permission android:name="android.permission.ACCESS_WIFI_STATE" />
46-->src/main/AndroidManifest.xml:43:5-76
46-->src/main/AndroidManifest.xml:43:22-73
47    <uses-permission android:name="android.permission.CHANGE_WIFI_STATE" />
47-->src/main/AndroidManifest.xml:44:5-76
47-->src/main/AndroidManifest.xml:44:22-73
48
49    <uses-feature
49-->src/main/AndroidManifest.xml:46:5-48:36
50        android:name="android.software.leanback"
50-->src/main/AndroidManifest.xml:47:9-49
51        android:required="false" />
51-->src/main/AndroidManifest.xml:48:9-33
52    <uses-feature
52-->src/main/AndroidManifest.xml:49:5-51:36
53        android:name="android.hardware.touchscreen"
53-->src/main/AndroidManifest.xml:50:9-52
54        android:required="false" />
54-->src/main/AndroidManifest.xml:51:9-33
55    <uses-feature
55-->src/main/AndroidManifest.xml:52:5-54:35
56        android:name="android.hardware.wifi"
56-->src/main/AndroidManifest.xml:53:9-45
57        android:required="true" />
57-->src/main/AndroidManifest.xml:54:9-32
58    <uses-feature
58-->[com.otaliastudios:cameraview:2.4.0] AndroidManifest.xml:22:5-24:36
59        android:name="android.hardware.camera.autofocus"
59-->[com.otaliastudios:cameraview:2.4.0] AndroidManifest.xml:23:9-57
60        android:required="false" />
60-->[com.otaliastudios:cameraview:2.4.0] AndroidManifest.xml:24:9-33
61    <uses-feature
61-->[com.otaliastudios:cameraview:2.4.0] AndroidManifest.xml:25:5-27:36
62        android:name="android.hardware.camera.front"
62-->[com.otaliastudios:cameraview:2.4.0] AndroidManifest.xml:26:9-53
63        android:required="false" />
63-->[com.otaliastudios:cameraview:2.4.0] AndroidManifest.xml:27:9-33
64    <uses-feature
64-->[com.otaliastudios:cameraview:2.4.0] AndroidManifest.xml:28:5-30:36
65        android:name="android.hardware.microphone"
65-->[com.otaliastudios:cameraview:2.4.0] AndroidManifest.xml:29:9-51
66        android:required="false" /> <!-- Required by older versions of Google Play services to create IID tokens -->
66-->[com.otaliastudios:cameraview:2.4.0] AndroidManifest.xml:30:9-33
67    <uses-permission android:name="com.google.android.c2dm.permission.RECEIVE" />
67-->[com.google.firebase:firebase-iid:21.0.1] AndroidManifest.xml:26:5-82
67-->[com.google.firebase:firebase-iid:21.0.1] AndroidManifest.xml:26:22-79
68    <uses-permission android:name="com.google.android.finsky.permission.BIND_GET_INSTALL_REFERRER_SERVICE" />
68-->[com.google.android.gms:play-services-measurement:18.0.2] AndroidManifest.xml:26:5-110
68-->[com.google.android.gms:play-services-measurement:18.0.2] AndroidManifest.xml:26:22-107
69
70    <application
70-->src/main/AndroidManifest.xml:56:5-830:19
71        android:name="com.doviesfitness.Doviesfitness"
71-->src/main/AndroidManifest.xml:57:9-38
72        android:allowBackup="false"
72-->src/main/AndroidManifest.xml:58:9-36
73        android:appComponentFactory="androidx.core.app.CoreComponentFactory"
73-->[androidx.core:core:1.2.0] AndroidManifest.xml:24:18-86
74        android:debuggable="true"
75        android:exported="true"
75-->src/main/AndroidManifest.xml:59:9-32
76        android:icon="@drawable/app_icon"
76-->src/main/AndroidManifest.xml:60:9-42
77        android:label="@string/my_app_name"
77-->src/main/AndroidManifest.xml:61:9-44
78        android:largeHeap="true"
78-->src/main/AndroidManifest.xml:62:9-33
79        android:launchMode="singleTask"
79-->src/main/AndroidManifest.xml:63:9-40
80        android:requestLegacyExternalStorage="true"
80-->src/main/AndroidManifest.xml:64:9-52
81        android:resizeableActivity="false"
81-->src/main/AndroidManifest.xml:65:9-43
82        android:roundIcon="@drawable/app_icon"
82-->src/main/AndroidManifest.xml:66:9-47
83        android:supportsRtl="true"
83-->src/main/AndroidManifest.xml:67:9-35
84        android:theme="@style/AppTheme" >
84-->src/main/AndroidManifest.xml:68:9-40
85        <activity
85-->src/main/AndroidManifest.xml:71:9-78:15
86            android:name="com.doviesfitness.ui.new_player.activity.NewPlayerView"
86-->src/main/AndroidManifest.xml:72:13-65
87            android:exported="false"
87-->src/main/AndroidManifest.xml:73:13-37
88            android:hardwareAccelerated="true"
88-->src/main/AndroidManifest.xml:74:13-47
89            android:screenOrientation="portrait"
89-->src/main/AndroidManifest.xml:75:13-49
90            android:theme="@style/AppTheme"
90-->src/main/AndroidManifest.xml:76:13-44
91            android:windowSoftInputMode="adjustPan|stateHidden" />
91-->src/main/AndroidManifest.xml:77:13-64
92        <activity
92-->src/main/AndroidManifest.xml:79:9-81:40
93            android:name="com.doviesfitness.ui.bottom_tabbar.workout_tab.activity.AddNotesActivity"
93-->src/main/AndroidManifest.xml:80:13-83
94            android:exported="false" />
94-->src/main/AndroidManifest.xml:81:13-37
95        <!--
96        <activity android:name=".ui.multipleQuality.SampleChooserActivity"
97            android:configChanges="keyboardHidden"
98            android:label="@string/my_app_name"
99            android:theme="@style/Theme.AppCompat">
100            <intent-filter>
101                <action android:name="android.intent.action.MAIN"/>
102                <category android:name="android.intent.category.LAUNCHER"/>
103                <category android:name="android.intent.category.LEANBACK_LAUNCHER"/>
104            </intent-filter>
105            <intent-filter>
106                <action android:name="android.intent.action.VIEW"/>
107                <category android:name="android.intent.category.DEFAULT"/>
108                <category android:name="android.intent.category.BROWSABLE"/>
109                <data android:scheme="http"/>
110                <data android:scheme="https"/>
111                <data android:scheme="content"/>
112                <data android:scheme="asset"/>
113                <data android:scheme="file"/>
114                <data android:host="*"/>
115                <data android:pathPattern=".*\\.exolist\\.json"/>
116            </intent-filter>
117        </activity>
118        -->
119        <activity
119-->src/main/AndroidManifest.xml:106:9-143:20
120            android:name="com.doviesfitness.ui.multipleQuality.PlayerActivity"
120-->src/main/AndroidManifest.xml:107:13-62
121            android:configChanges="orientation|screenSize"
121-->src/main/AndroidManifest.xml:108:13-59
122            android:exported="true"
122-->src/main/AndroidManifest.xml:109:13-36
123            android:launchMode="singleTop"
123-->src/main/AndroidManifest.xml:110:13-43
124            android:screenOrientation="landscape"
124-->src/main/AndroidManifest.xml:111:13-50
125            android:theme="@style/BlackStatusTheme"
125-->src/main/AndroidManifest.xml:112:13-52
126            android:windowSoftInputMode="adjustResize|stateHidden" >
126-->src/main/AndroidManifest.xml:113:13-67
127
128            <!--
129        <intent-filter>
130        <action android:name="android.intent.action.VIEW" />
131        <category android:name="android.intent.category.DEFAULT" />
132        <category android:name="android.intent.category.BROWSABLE" />
133        <data android:scheme="geo" />
134            -->
135            <intent-filter>
135-->src/main/AndroidManifest.xml:122:13-137:29
136                <action android:name="com.google.android.exoplayer.demo.action.VIEW" />
136-->src/main/AndroidManifest.xml:123:17-88
136-->src/main/AndroidManifest.xml:123:25-85
137
138                <category android:name="android.intent.category.DEFAULT" />
138-->src/main/AndroidManifest.xml:125:17-76
138-->src/main/AndroidManifest.xml:125:27-73
139
140                <data android:scheme="http" />
140-->src/main/AndroidManifest.xml:127:17-47
140-->src/main/AndroidManifest.xml:127:23-44
141                <data android:scheme="https" />
141-->src/main/AndroidManifest.xml:127:17-47
141-->src/main/AndroidManifest.xml:127:23-44
142                <data android:scheme="content" />
142-->src/main/AndroidManifest.xml:127:17-47
142-->src/main/AndroidManifest.xml:127:23-44
143                <data android:scheme="asset" />
143-->src/main/AndroidManifest.xml:127:17-47
143-->src/main/AndroidManifest.xml:127:23-44
144                <data android:scheme="file" />
144-->src/main/AndroidManifest.xml:127:17-47
144-->src/main/AndroidManifest.xml:127:23-44
145                <data android:host="https://www.doviesfitness.com" />
145-->src/main/AndroidManifest.xml:127:17-47
145-->src/main/AndroidManifest.xml:132:23-67
146
147                <category android:name="android.intent.category.BROWSABLE" />
147-->src/main/AndroidManifest.xml:134:17-78
147-->src/main/AndroidManifest.xml:134:27-75
148
149                <data android:scheme="geo" />
149-->src/main/AndroidManifest.xml:127:17-47
149-->src/main/AndroidManifest.xml:127:23-44
150            </intent-filter>
151            <intent-filter>
151-->src/main/AndroidManifest.xml:138:13-142:29
152                <action android:name="com.google.android.exoplayer.demo.action.VIEW_LIST" />
152-->src/main/AndroidManifest.xml:139:17-93
152-->src/main/AndroidManifest.xml:139:25-90
153
154                <category android:name="android.intent.category.DEFAULT" />
154-->src/main/AndroidManifest.xml:125:17-76
154-->src/main/AndroidManifest.xml:125:27-73
155            </intent-filter>
156        </activity>
157        <activity
157-->src/main/AndroidManifest.xml:144:9-173:20
158            android:name="com.doviesfitness.ui.multipleQuality.StreamPlayerActivity"
158-->src/main/AndroidManifest.xml:145:13-68
159            android:configChanges="orientation|screenSize"
159-->src/main/AndroidManifest.xml:146:13-59
160            android:exported="true"
160-->src/main/AndroidManifest.xml:147:13-36
161            android:launchMode="singleTop"
161-->src/main/AndroidManifest.xml:148:13-43
162            android:screenOrientation="landscape"
162-->src/main/AndroidManifest.xml:149:13-50
163            android:theme="@style/BlackStatusTheme"
163-->src/main/AndroidManifest.xml:150:13-52
164            android:windowSoftInputMode="adjustResize|stateHidden" >
164-->src/main/AndroidManifest.xml:151:13-67
165            <intent-filter>
165-->src/main/AndroidManifest.xml:122:13-137:29
166                <action android:name="com.google.android.exoplayer.demo.action.VIEW" />
166-->src/main/AndroidManifest.xml:123:17-88
166-->src/main/AndroidManifest.xml:123:25-85
167
168                <category android:name="android.intent.category.DEFAULT" />
168-->src/main/AndroidManifest.xml:125:17-76
168-->src/main/AndroidManifest.xml:125:27-73
169
170                <data android:scheme="http" />
170-->src/main/AndroidManifest.xml:127:17-47
170-->src/main/AndroidManifest.xml:127:23-44
171                <data android:scheme="https" />
171-->src/main/AndroidManifest.xml:127:17-47
171-->src/main/AndroidManifest.xml:127:23-44
172                <data android:scheme="content" />
172-->src/main/AndroidManifest.xml:127:17-47
172-->src/main/AndroidManifest.xml:127:23-44
173                <data android:scheme="asset" />
173-->src/main/AndroidManifest.xml:127:17-47
173-->src/main/AndroidManifest.xml:127:23-44
174                <data android:scheme="file" />
174-->src/main/AndroidManifest.xml:127:17-47
174-->src/main/AndroidManifest.xml:127:23-44
175                <data android:host="https://www.doviesfitness.com" />
175-->src/main/AndroidManifest.xml:127:17-47
175-->src/main/AndroidManifest.xml:132:23-67
176
177                <category android:name="android.intent.category.BROWSABLE" />
177-->src/main/AndroidManifest.xml:134:17-78
177-->src/main/AndroidManifest.xml:134:27-75
178
179                <data android:scheme="geo" />
179-->src/main/AndroidManifest.xml:127:17-47
179-->src/main/AndroidManifest.xml:127:23-44
180            </intent-filter>
181            <intent-filter>
181-->src/main/AndroidManifest.xml:138:13-142:29
182                <action android:name="com.google.android.exoplayer.demo.action.VIEW_LIST" />
182-->src/main/AndroidManifest.xml:139:17-93
182-->src/main/AndroidManifest.xml:139:25-90
183
184                <category android:name="android.intent.category.DEFAULT" />
184-->src/main/AndroidManifest.xml:125:17-76
184-->src/main/AndroidManifest.xml:125:27-73
185            </intent-filter>
186        </activity>
187
188        <service
188-->src/main/AndroidManifest.xml:175:9-183:19
189            android:name="com.doviesfitness.ui.multipleQuality.DemoDownloadService"
189-->src/main/AndroidManifest.xml:176:13-67
190            android:exported="false" >
190-->src/main/AndroidManifest.xml:177:13-37
191            <intent-filter>
191-->src/main/AndroidManifest.xml:178:13-182:29
192                <action android:name="com.google.android.exoplayer.downloadService.action.RESTART" />
192-->src/main/AndroidManifest.xml:179:17-102
192-->src/main/AndroidManifest.xml:179:25-99
193
194                <category android:name="android.intent.category.DEFAULT" />
194-->src/main/AndroidManifest.xml:125:17-76
194-->src/main/AndroidManifest.xml:125:27-73
195            </intent-filter>
196        </service>
197        <service
197-->src/main/AndroidManifest.xml:184:9-187:72
198            android:name="com.google.android.exoplayer2.scheduler.PlatformScheduler$PlatformSchedulerService"
198-->src/main/AndroidManifest.xml:185:13-110
199            android:exported="true"
199-->src/main/AndroidManifest.xml:186:13-36
200            android:permission="android.permission.BIND_JOB_SERVICE" />
200-->src/main/AndroidManifest.xml:187:13-69
201
202        <activity
202-->src/main/AndroidManifest.xml:189:9-192:52
203            android:name="com.doviesfitness.setting.MyCameraActivity"
203-->src/main/AndroidManifest.xml:190:13-53
204            android:exported="true"
204-->src/main/AndroidManifest.xml:191:13-36
205            android:screenOrientation="portrait" />
205-->src/main/AndroidManifest.xml:192:13-49
206        <activity
206-->src/main/AndroidManifest.xml:193:9-196:52
207            android:name="com.doviesfitness.setting.CameraViewActivity"
207-->src/main/AndroidManifest.xml:194:13-55
208            android:exported="true"
208-->src/main/AndroidManifest.xml:195:13-36
209            android:screenOrientation="portrait" />
209-->src/main/AndroidManifest.xml:196:13-49
210        <activity
210-->src/main/AndroidManifest.xml:197:9-201:58
211            android:name="com.doviesfitness.ui.setting.AboutApplicationActivity"
211-->src/main/AndroidManifest.xml:198:13-64
212            android:exported="true"
212-->src/main/AndroidManifest.xml:199:13-36
213            android:screenOrientation="portrait"
213-->src/main/AndroidManifest.xml:200:13-49
214            android:windowSoftInputMode="adjustResize" />
214-->src/main/AndroidManifest.xml:201:13-55
215        <activity
215-->src/main/AndroidManifest.xml:202:9-207:58
216            android:name="com.doviesfitness.ui.profile.inbox.activity.NotificationExerciesActivity"
216-->src/main/AndroidManifest.xml:203:13-83
217            android:exported="true"
217-->src/main/AndroidManifest.xml:204:13-36
218            android:screenOrientation="portrait"
218-->src/main/AndroidManifest.xml:205:13-49
219            android:theme="@style/BlackStatusTheme1"
219-->src/main/AndroidManifest.xml:206:13-53
220            android:windowSoftInputMode="adjustResize" />
220-->src/main/AndroidManifest.xml:207:13-55
221        <activity
221-->src/main/AndroidManifest.xml:208:9-213:58
222            android:name="com.doviesfitness.ui.profile.inbox.activity.CustomCommentActivity"
222-->src/main/AndroidManifest.xml:209:13-76
223            android:exported="true"
223-->src/main/AndroidManifest.xml:210:13-36
224            android:screenOrientation="portrait"
224-->src/main/AndroidManifest.xml:211:13-49
225            android:theme="@style/WhiteStatusTheme"
225-->src/main/AndroidManifest.xml:212:13-52
226            android:windowSoftInputMode="adjustResize" />
226-->src/main/AndroidManifest.xml:213:13-55
227        <activity
227-->src/main/AndroidManifest.xml:214:9-219:67
228            android:name="com.doviesfitness.ui.profile.inbox.activity.CustomNotificationActivity"
228-->src/main/AndroidManifest.xml:215:13-81
229            android:exported="true"
229-->src/main/AndroidManifest.xml:216:13-36
230            android:screenOrientation="portrait"
230-->src/main/AndroidManifest.xml:217:13-49
231            android:theme="@style/BaseTheme"
231-->src/main/AndroidManifest.xml:218:13-45
232            android:windowSoftInputMode="adjustPan|stateHidden" />
232-->src/main/AndroidManifest.xml:219:13-64
233        <activity
233-->src/main/AndroidManifest.xml:220:9-225:80
234            android:name="com.doviesfitness.ui.bottom_tabbar.stream_tab.temp.TempDownloadStreamActivity"
234-->src/main/AndroidManifest.xml:221:13-88
235            android:exported="true"
235-->src/main/AndroidManifest.xml:222:13-36
236            android:screenOrientation="portrait"
236-->src/main/AndroidManifest.xml:223:13-49
237            android:theme="@style/BaseTheme"
237-->src/main/AndroidManifest.xml:224:13-45
238            android:windowSoftInputMode="adjustResize|stateHidden|adjustPan" /> <!-- //android:theme="@style/AppTheme.RegisterSliderActivityTheme" -->
238-->src/main/AndroidManifest.xml:225:13-77
239        <activity
239-->src/main/AndroidManifest.xml:226:9-231:80
240            android:name="com.doviesfitness.ui.HelloActivity"
240-->src/main/AndroidManifest.xml:227:13-45
241            android:exported="true"
241-->src/main/AndroidManifest.xml:228:13-36
242            android:screenOrientation="portrait"
242-->src/main/AndroidManifest.xml:229:13-49
243            android:theme="@style/BaseTheme"
243-->src/main/AndroidManifest.xml:230:13-45
244            android:windowSoftInputMode="adjustResize|stateHidden|adjustPan" />
244-->src/main/AndroidManifest.xml:231:13-77
245        <activity
245-->src/main/AndroidManifest.xml:232:9-236:80
246            android:name="com.doviesfitness.ui.profile.inbox.activity.InboxActivity"
246-->src/main/AndroidManifest.xml:233:13-68
247            android:exported="true"
247-->src/main/AndroidManifest.xml:234:13-36
248            android:screenOrientation="portrait"
248-->src/main/AndroidManifest.xml:235:13-49
249            android:windowSoftInputMode="adjustResize|stateHidden|adjustPan" />
249-->src/main/AndroidManifest.xml:236:13-77
250        <activity
250-->src/main/AndroidManifest.xml:237:9-240:80
251            android:name="com.doviesfitness.ui.showDietPlanDetail.ShowDietPlanDetailActivity"
251-->src/main/AndroidManifest.xml:238:13-77
252            android:screenOrientation="portrait"
252-->src/main/AndroidManifest.xml:239:13-49
253            android:windowSoftInputMode="adjustResize|stateHidden|adjustPan" />
253-->src/main/AndroidManifest.xml:240:13-77
254        <activity
254-->src/main/AndroidManifest.xml:241:9-245:80
255            android:name="com.doviesfitness.ui.bottom_tabbar.workout_tab.activity.ActivityGoodFor"
255-->src/main/AndroidManifest.xml:242:13-82
256            android:exported="true"
256-->src/main/AndroidManifest.xml:243:13-36
257            android:screenOrientation="portrait"
257-->src/main/AndroidManifest.xml:244:13-49
258            android:windowSoftInputMode="adjustResize|stateHidden|adjustPan" />
258-->src/main/AndroidManifest.xml:245:13-77
259        <activity
259-->src/main/AndroidManifest.xml:246:9-250:56
260            android:name="com.doviesfitness.ui.bottom_tabbar.workout_tab.activity.AddExerciseFromSearchActivity"
260-->src/main/AndroidManifest.xml:247:13-96
261            android:exported="true"
261-->src/main/AndroidManifest.xml:248:13-36
262            android:screenOrientation="portrait"
262-->src/main/AndroidManifest.xml:249:13-49
263            android:theme="@style/BlackStatusTheme1" />
263-->src/main/AndroidManifest.xml:250:13-53
264        <activity
264-->src/main/AndroidManifest.xml:251:9-254:56
265            android:name="com.doviesfitness.ui.bottom_tabbar.workout_tab.activity.AddExerciseActivity"
265-->src/main/AndroidManifest.xml:252:13-86
266            android:screenOrientation="portrait"
266-->src/main/AndroidManifest.xml:253:13-49
267            android:theme="@style/BlackStatusTheme1" />
267-->src/main/AndroidManifest.xml:254:13-53
268        <activity
268-->src/main/AndroidManifest.xml:255:9-259:86
269            android:name="com.doviesfitness.ui.bottom_tabbar.workout_tab.activity.CreateWorkoutActivity"
269-->src/main/AndroidManifest.xml:256:13-88
270            android:exported="true"
270-->src/main/AndroidManifest.xml:257:13-36
271            android:screenOrientation="portrait"
271-->src/main/AndroidManifest.xml:258:13-49
272            android:windowSoftInputMode="adjustResize|stateAlwaysHidden|adjustPan" />
272-->src/main/AndroidManifest.xml:259:13-83
273        <activity
273-->src/main/AndroidManifest.xml:260:9-264:86
274            android:name="com.doviesfitness.setting.ContactUsActivity"
274-->src/main/AndroidManifest.xml:261:13-54
275            android:exported="true"
275-->src/main/AndroidManifest.xml:262:13-36
276            android:screenOrientation="portrait"
276-->src/main/AndroidManifest.xml:263:13-49
277            android:windowSoftInputMode="adjustResize|stateAlwaysHidden|adjustPan" />
277-->src/main/AndroidManifest.xml:264:13-83
278        <activity
278-->src/main/AndroidManifest.xml:265:9-269:86
279            android:name="com.doviesfitness.ui.bottom_tabbar.workout_tab.activity.ActivityMyWorkoutList"
279-->src/main/AndroidManifest.xml:266:13-88
280            android:exported="true"
280-->src/main/AndroidManifest.xml:267:13-36
281            android:screenOrientation="portrait"
281-->src/main/AndroidManifest.xml:268:13-49
282            android:windowSoftInputMode="adjustResize|stateAlwaysHidden|adjustPan" />
282-->src/main/AndroidManifest.xml:269:13-83
283        <activity
283-->src/main/AndroidManifest.xml:270:9-275:70
284            android:name="com.doviesfitness.ui.createAndEditDietPlan.activity.create_DietPlanWebViewActivity"
284-->src/main/AndroidManifest.xml:271:13-93
285            android:exported="true"
285-->src/main/AndroidManifest.xml:272:13-36
286            android:screenOrientation="portrait"
286-->src/main/AndroidManifest.xml:273:13-49
287            android:theme="@style/WhiteStatusTheme"
287-->src/main/AndroidManifest.xml:274:13-52
288            android:windowSoftInputMode="adjustResize|stateHidden" />
288-->src/main/AndroidManifest.xml:275:13-67
289        <activity
289-->src/main/AndroidManifest.xml:276:9-280:70
290            android:name="com.doviesfitness.ui.createAndEditDietPlan.activity.Cretat_DietPlanActivity"
290-->src/main/AndroidManifest.xml:277:13-86
291            android:exported="true"
291-->src/main/AndroidManifest.xml:278:13-36
292            android:screenOrientation="portrait"
292-->src/main/AndroidManifest.xml:279:13-49
293            android:windowSoftInputMode="adjustResize|stateHidden" />
293-->src/main/AndroidManifest.xml:280:13-67
294        <activity
294-->src/main/AndroidManifest.xml:281:9-286:70
295            android:name="com.doviesfitness.subscription.SubscriptionActivity"
295-->src/main/AndroidManifest.xml:282:13-62
296            android:exported="true"
296-->src/main/AndroidManifest.xml:283:13-36
297            android:screenOrientation="portrait"
297-->src/main/AndroidManifest.xml:284:13-49
298            android:theme="@style/WhiteStatusTheme"
298-->src/main/AndroidManifest.xml:285:13-52
299            android:windowSoftInputMode="adjustResize|stateHidden" />
299-->src/main/AndroidManifest.xml:286:13-67
300        <activity
300-->src/main/AndroidManifest.xml:287:9-292:70
301            android:name="com.doviesfitness.subscription.PurchaseActivity"
301-->src/main/AndroidManifest.xml:288:13-58
302            android:exported="true"
302-->src/main/AndroidManifest.xml:289:13-36
303            android:screenOrientation="portrait"
303-->src/main/AndroidManifest.xml:290:13-49
304            android:theme="@style/WhiteStatusTheme"
304-->src/main/AndroidManifest.xml:291:13-52
305            android:windowSoftInputMode="adjustResize|stateHidden" />
305-->src/main/AndroidManifest.xml:292:13-67
306        <activity